^ 0 : 2 9.5283 474.9140625 16.1216 (2020 - 2021)
^ 1 : 2 7.2858 2532.875 7.2858 (2008 - 2009)
^ 10 : 4 19.8704 821.472972972973 19.8704 (2022 - )
^ 100 : 2 5.1975 405.26 14.8985 (2018 - 2019)
^ 102 : 2 7.1389 303.945 12.545 (2012 - 2013)
^ 104 : 4 8.0736 1899.65625 8.0736 (2007 - 2010)
^ 105 : 2 10.4293 1688.5833333333333 10.4293 (2021 - 2022)
^ 106 : 2 7.8711 1381.5681818181818 7.8711 (2007 - 2008)
^ 109 : 6 10.2692 1381.5681818181818 10.2692 (2020 - )
^ 110 : 4 5.2574 1381.5681818181818 5.2574 (2009 - 2012)
^ 112 : 7 12.7121 515.1610169491526 12.7121 (2004 - 2010)
^ 114 : 13 12.0848 198.65686274509804 12.0848 (2013 - )
^ 115 : 2 3.6864 208.18150684931507 3.6864 (2006 - 2007)
^ 116 : 7 12.317 375.24074074074076 12.317 (2004 - 2010)
^ 117 : 2 6.7969 2763.1363636363635 6.7969 (2004 - 2005)
^ 118 : 9 24.5761 253.2875 24.5761 (2017 - )
^ 119 : 2 6.9495 1447.357142857143 6.9495 (2013 - 2014)
^ 120 : 9 7.3108 660.75 7.3108 (2004 - 2012)
^ 122 : 6 14.4733 980.4677419354839 14.4733 (2020 - )
^ 124 : 3 3.8484 157.48445595854923 3.8484 (2004 - 2006)
^ 125 : 6 9.302 142.69718309859155 9.302 (2020 - )
^ 126 : 3 5.8027 3039.45 5.8027 (2004 - 2006)
^ 127 : 7 28.6909 297.9852941176471 28.6909 (2019 - )
^ 129 : 6 6.5509 1899.65625 6.5509 (2013 - 2018)
^ 131 : 2 6.6258 524.0431034482758 17.5575 (2014 - 2015)
^ 132 : 5 15.3462 410.7364864864865 24.6103 (2021 - )
^ 134 : 7 8.3124 295.09223300970876 12.3109 (2019 - )
^ 135 : 2 12.8079 1381.5681818181818 12.8079 (2020 - 2021)
^ 137 : 4 7.0641 2171.035714285714 7.0641 (2007 - 2010)
^ 139 : 5 7.0998 225.14444444444445 7.0998 (2015 - 2019)
^ 14 : 5 31.5247 467.60769230769233 31.5247 (2021 - )
^ 140 : 3 5.3946 620.295918367347 15.3901 (2020 - 2022)
^ 143 : 5 5.0154 255.41596638655463 9.6704 (2021 - )
^ 144 : 8 50.4635 146.12740384615384 50.4635 (2018 - )
^ 145 : 4 18.258 893.9558823529412 18.258 (2022 - )
^ 149 : 9 19.3695 205.36824324324326 19.3695 (2004 - 2012)
^ 151 : 4 24.1713 675.4333333333333 24.1713 (2022 - )
^ 152 : 3 3.9198 185.33231707317074 10.5282 (2010 - 2012)
^ 154 : 2 4.8676 171.72033898305085 8.1675 (2008 - 2009)
^ 155 : 3 6.8112 633.21875 6.8112 (2008 - 2010)
^ 156 : 4 9.859 319.9421052631579 16.2279 (2022 - )
^ 157 : 4 6.072 117.80813953488372 15.2109 (2022 - )
^ 16 : 6 34.9411 370.6646341463415 34.9411 (2020 - )
^ 160 : 5 15.6013 893.9558823529412 15.6013 (2011 - 2015)
^ 161 : 2 8.2145 410.7364864864865 25.2161 (2021 - 2022)
^ 162 : 8 24.2223 251.19421487603304 24.2223 (2014 - 2021)
^ 164 : 6 42.8927 271.3794642857143 42.8927 (2020 - )
^ 166 : 3 13.5947 474.9140625 16.9093 (2018 - 2020)
^ 168 : 6 8.6193 1519.725 8.6193 (2005 - 2010)
^ 170 : 4 11.6991 428.09154929577466 23.6098 (2010 - 2013)
^ 171 : 3 7.1467 1125.7222222222222 11.9553 (2016 - 2018)
^ 177 : 9 20.6579 259.78205128205127 20.6579 (2014 - 2022)
^ 178 : 7 15.5722 453.64925373134326 15.5722 (2005 - 2011)
^ 179 : 9 14.9549 281.43055555555554 14.9549 (2017 - )
^ 18 : 3 4.7552 182.00299401197606 4.7552 (2013 - 2015)
^ 180 : 4 31.1636 524.0431034482758 31.1636 (2022 - )
^ 181 : 5 25.9566 289.4714285714286 29.4756 (2021 - )
^ 182 : 6 17.6091 646.6914893617021 17.6091 (2017 - 2022)
^ 185 : 8 11.4818 202.63 11.4818 (2006 - 2013)
^ 186 : 5 13.7226 980.4677419354839 13.7226 (2009 - 2013)
^ 188 : 4 6.1991 1381.5681818181818 6.1991 (2019 - 2022)
^ 189 : 2 7.2625 498.2704918032787 14.5092 (2011 - 2012)
^ 190 : 2 5.8921 506.575 16.0542 (2013 - 2014)
^ 192 : 5 10.9046 1215.78 10.9046 (2017 - 2021)
^ 194 : 3 5.6545 19.762353706111835 5.6545 (2004 - 2006)
^ 196 : 7 9.11 276.31363636363636 9.11 (2004 - 2010)
^ 197 : 5 11.311 370.6646341463415 15.2925 (2021 - )
^ 198 : 3 5.3208 1519.725 5.3208 (2005 - 2007)
^ 199 : 2 7.3686 2532.875 7.3686 (2006 - 2007)
^ 2 : 2 3.3607 186.46932515337423 3.3607 (2020 - 2021)
^ 20 : 3 10.4659 334.0054945054945 10.4659 (2012 - 2014)
^ 203 : 2 3.929 124.56762295081967 3.929 (2014 - 2015)
^ 204 : 12 25.4693 42.273296244784426 25.4693 (2014 - )
^ 208 : 3 7.156 295.09223300970876 11.4772 (2020 - 2022)
^ 21 : 2 3.4712 179.8491124260355 3.4712 (2008 - 2009)
^ 210 : 5 13.8929 482.45238095238096 13.8929 (2021 - )
^ 214 : 5 19.1697 498.2704918032787 19.1697 (2021 - )
^ 215 : 4 6.9701 2338.0384615384614 6.9701 (2005 - 2008)
^ 216 : 4 10.7663 595.9705882352941 15.2706 (2022 - )
^ 217 : 6 68.0447 151.9725 68.0447 (2020 - )
^ 219 : 9 30.2979 237.45703125 30.2979 (2017 - )
^ 22 : 4 5.8026 326.8225806451613 5.8026 (2012 - 2015)
^ 222 : 2 13.6608 38.18404522613066 13.6608 (2004 - 2005)
^ 224 : 5 11.213 101.65384615384616 11.213 (2005 - 2009)
^ 225 : 4 4.5207 154.28680203045684 9.2556 (2022 - )
^ 227 : 3 5.7135 422.1458333333333 19.2443 (2012 - 2014)
^ 228 : 2 3.5457 156.67268041237114 3.5457 (2021 - 2022)
^ 229 : 6 34.9411 370.6646341463415 34.9411 (2020 - )
^ 23 : 7 20.0023 440.5 20.0023 (2006 - 2012)
^ 230 : 3 12.1492 19.08003766478343 12.1492 (2004 - 2006)
^ 231 : 6 6.5139 334.0054945054945 6.5139 (2004 - 2009)
^ 232 : 5 18.9915 345.39204545454544 24.3329 (2017 - 2021)
^ 233 : 4 6.7681 1599.7105263157894 6.7681 (2004 - 2007)
^ 235 : 6 7.5262 66.21895424836602 7.5262 (2017 - 2022)
^ 238 : 3 13.6975 1215.78 13.6975 (2011 - 2013)
^ 239 : 3 9.5361 1215.78 9.5361 (2011 - 2013)
^ 24 : 3 7.7164 121.09362549800797 7.7164 (2004 - 2006)
^ 240 : 6 5.6852 205.36824324324326 5.6852 (2014 - 2019)
^ 241 : 9 13.0343 482.45238095238096 13.0343 (2008 - 2016)
^ 242 : 4 15.2291 980.4677419354839 15.2291 (2009 - 2012)
^ 244 : 9 40.5329 148.99264705882354 40.5329 (2017 - )
^ 248 : 5 12.7683 706.8488372093024 12.7683 (2014 - 2018)
^ 250 : 4 8.9101 821.472972972973 16.2907 (2022 - )
^ 252 : 3 4.6975 921.0454545454545 14.1451 (2012 - 2014)
^ 253 : 2 7.0467 1125.7222222222222 13.2202 (2016 - 2017)
^ 257 : 7 23.5826 326.8225806451613 23.5826 (2019 - )
^ 258 : 7 47.8709 138.7876712328767 47.8709 (2019 - )
^ 259 : 6 32.8068 394.73376623376623 32.8068 (2020 - )
^ 26 : 3 4.7079 844.2916666666666 12.8893 (2014 - 2016)
^ 264 : 4 7.973 268.9778761061947 16.039 (2022 - )
^ 268 : 2 3.3187 233.80384615384617 9.0835 (2018 - 2019)
^ 269 : 5 18.3567 41.86570247933884 18.3567 (2004 - 2008)
^ 27 : 5 14.298 375.24074074074076 20.0325 (2021 - )
^ 270 : 2 4.1007 389.6730769230769 16.4369 (2016 - 2017)
^ 271 : 4 23.6336 690.7840909090909 23.6336 (2022 - )
^ 275 : 3 9.0484 1899.65625 9.0484 (2007 - 2009)
^ 276 : 3 10.2981 1048.0862068965516 10.2981 (2008 - 2010)
^ 278 : 2 3.7966 295.09223300970876 13.7095 (2020 - 2021)
^ 279 : 4 10.7695 440.5 10.7695 (2016 - 2019)
^ 280 : 4 11.2938 121.578 11.2938 (2004 - 2007)
^ 281 : 3 6.9841 237.45703125 6.9841 (2017 - 2019)
^ 283 : 7 14.4397 337.71666666666664 24.9968 (2019 - )
^ 285 : 8 11.6908 868.4142857142857 11.6908 (2005 - 2012)
^ 286 : 6 13.1497 155.07397959183675 13.1497 (2004 - 2009)
^ 288 : 2 6.8163 2763.1363636363635 6.8163 (2005 - 2006)
^ 29 : 3 5.2223 3377.1666666666665 5.2223 (2004 - 2006)
^ 291 : 4 10.2203 552.6272727272727 10.2203 (2004 - 2007)
^ 293 : 5 11.5297 799.8552631578947 11.5297 (2008 - 2012)
^ 295 : 4 13.8754 1266.4375 13.8754 (2022 - )
^ 297 : 5 6.2026 191.16037735849056 6.2026 (2004 - 2008)
^ 298 : 4 6.8485 675.4333333333333 17.0228 (2009 - 2012)
^ 299 : 8 12.2267 87.09025787965616 12.2267 (2014 - 2021)
^ 3 : 2 10.0529 633.21875 20.5068 (2019 - 2020)
^ 301 : 9 74.4661 100.64403973509934 74.4661 (2017 - )
^ 312 : 4 5.55 2763.1363636363635 5.55 (2007 - 2010)
^ 313 : 4 10.7721 319.9421052631579 14.5839 (2019 - 2022)
^ 317 : 7 23.2266 172.69602272727272 23.2266 (2004 - 2010)
^ 318 : 8 13.6968 741.329268292683 13.6968 (2005 - 2012)
^ 319 : 9 11.9522 230.26136363636363 11.9522 (2017 - )
^ 321 : 8 35.5378 316.609375 35.5378 (2018 - )
^ 327 : 2 6.5441 89.39558823529411 6.5441 (2009 - 2010)
^ 328 : 2 9.1786 34.4608843537415 9.1786 (2004 - 2005)
^ 329 : 2 6.6572 65.50538793103448 6.6572 (2004 - 2005)
^ 33 : 3 10.409 1519.725 10.409 (2020 - 2022)
^ 332 : 4 7.5968 175.6907514450867 7.5968 (2022 - )
^ 334 : 4 12.5473 759.8625 12.5473 (2010 - 2013)
^ 337 : 5 10.0337 337.71666666666664 14.5455 (2014 - 2018)
^ 338 : 4 18.5438 375.24074074074076 22.662 (2022 - )
^ 339 : 3 10.2079 1599.7105263157894 10.2079 (2018 - 2020)
^ 34 : 5 9.989 1599.7105263157894 9.989 (2021 - )
^ 340 : 2 10.4637 1215.78 10.4637 (2019 - 2020)
^ 342 : 4 7.294 584.5096153846154 17.2842 (2010 - 2013)
^ 343 : 7 20.5303 353.4244186046512 20.5303 (2004 - 2010)
^ 344 : 6 6.1413 2026.3 6.1413 (2013 - 2018)
^ 345 : 4 15.2998 292.2548076923077 15.2998 (2010 - 2013)
^ 346 : 11 12.1304 273.8243243243243 12.1304 (2015 - )
^ 347 : 2 10.8779 1688.5833333333333 10.8779 (2014 - 2015)
^ 350 : 2 4.6678 307.0151515151515 17.2801 (2021 - 2022)
^ 351 : 6 25.8538 337.71666666666664 29.6604 (2020 - )
^ 352 : 3 8.4517 110.92883211678833 8.4517 (2006 - 2008)
^ 353 : 2 11.1135 1599.7105263157894 11.1135 (2019 - 2020)
^ 354 : 8 5.6761 1787.9117647058824 5.6761 (2005 - 2012)
^ 355 : 2 8.9572 1381.5681818181818 8.9572 (2018 - 2019)
^ 359 : 5 13.0806 178.79117647058823 13.0806 (2004 - 2008)
^ 36 : 9 15.4559 515.1610169491526 15.4559 (2008 - 2016)
^ 361 : 7 16.3036 562.8611111111111 16.3036 (2004 - 2010)
^ 362 : 5 8.7204 1688.5833333333333 8.7204 (2021 - )
^ 363 : 5 16.9687 405.26 16.9687 (2016 - 2020)
^ 366 : 2 6.1788 3039.45 6.1788 (2004 - 2005)
^ 368 : 3 8.1015 453.64925373134326 15.588 (2015 - 2017)
^ 37 : 4 10.2951 980.4677419354839 10.2951 (2022 - )
^ 370 : 3 8.0112 2171.035714285714 8.0112 (2006 - 2008)
^ 372 : 6 21.9012 361.8392857142857 21.9012 (2008 - 2013)
^ 38 : 4 9.907 39.01732991014121 9.907 (2004 - 2007)
^ 39 : 7 16.1697 239.32677165354332 16.1697 (2008 - 2014)
^ 4 : 6 5.081 2532.875 5.081 (2006 - 2011)
^ 40 : 2 3.5037 128.24683544303798 3.5037 (2017 - 2018)
^ 41 : 3 6.22 2763.1363636363635 6.22 (2007 - 2009)
^ 43 : 4 9.2939 893.9558823529412 9.2939 (2016 - 2019)
^ 44 : 3 8.3316 2026.3 8.3316 (2015 - 2017)
^ 46 : 6 26.6658 410.7364864864865 26.6658 (2020 - )
^ 50 : 4 4.8472 3377.1666666666665 4.8472 (2004 - 2007)
^ 51 : 4 10.735 868.4142857142857 10.735 (2018 - 2021)
^ 55 : 4 7.5312 151.9725 7.5312 (2022 - )
^ 56 : 5 7.2675 1321.5 7.2675 (2004 - 2008)
^ 57 : 5 13.6932 179.8491124260355 13.6932 (2015 - 2019)
^ 58 : 7 28.0746 326.8225806451613 28.0746 (2019 - )
^ 59 : 8 15.7379 284.0607476635514 20.2948 (2018 - )
^ 6 : 5 16.8063 410.7364864864865 16.8063 (2007 - 2011)
^ 60 : 4 20.7308 690.7840909090909 20.7308 (2019 - 2022)
^ 62 : 7 4.6981 2532.875 4.6981 (2004 - 2010)
^ 63 : 5 11.742 949.828125 11.742 (2004 - 2008)
^ 64 : 6 11.078 675.4333333333333 11.078 (2005 - 2010)
^ 65 : 4 6.4736 2338.0384615384614 6.4736 (2011 - 2014)
^ 66 : 4 6.5069 1599.7105263157894 6.5069 (2017 - 2020)
^ 67 : 7 31.7099 276.31363636363636 31.7099 (2019 - )
^ 69 : 4 6.5594 2338.0384615384614 6.5594 (2007 - 2010)
^ 70 : 5 5.8397 2338.0384615384614 5.8397 (2008 - 2012)
^ 71 : 4 7.3027 2026.3 7.3027 (2010 - 2013)
^ 72 : 5 44.1897 83.04508196721312 44.1897 (2004 - 2008)
^ 73 : 6 19.1756 154.28680203045684 19.1756 (2004 - 2009)
^ 75 : 5 9.9151 188.78571428571428 9.9151 (2018 - 2022)
^ 8 : 4 6.9525 506.575 6.9525 (2022 - )
^ 80 : 4 19.892 542.7589285714286 19.892 (2009 - 2012)
^ 83 : 7 10.6808 1013.15 10.6808 (2012 - 2018)
^ 84 : 3 7.8027 182.00299401197606 7.8027 (2005 - 2007)
^ 86 : 3 4.3625 87.34051724137932 4.3625 (2004 - 2006)
^ 89 : 5 28.1252 524.0431034482758 28.1252 (2021 - )
^ 9 : 6 30.3979 353.4244186046512 30.3979 (2020 - )
^ 92 : 9 87.9287 86.34801136363636 87.9287 (2017 - )
^ 96 : 2 7.4572 289.4714285714286 11.82 (2021 - 2022)
^ 98 : 2 7.0853 498.2704918032787 7.0853 (2020 - 2021)
^ 99 : 10 27.5943 211.07291666666666 27.5943 (2016 - )
